2025-03-10 22:05:24,180 - ERROR - Error analyzing Twitter sentiment: 401 Unauthorized
Unauthorized
2025-03-10 22:06:24,535 - ERROR - Error analyzing Twitter sentiment: 401 Unauthorized
Unauthorized
2025-03-10 22:07:24,806 - ERROR - Error analyzing Twitter sentiment: 401 Unauthorized
Unauthorized
2025-03-10 22:08:25,141 - ERROR - Error analyzing Twitter sentiment: 401 Unauthorized
Unauthorized
2025-03-10 22:09:25,391 - ERROR - Error analyzing Twitter sentiment: 401 Unauthorized
Unauthorized
2025-03-10 22:10:25,658 - ERROR - Error analyzing Twitter sentiment: 401 Unauthorized
Unauthorized
2025-03-10 22:11:25,930 - ERROR - Error analyzing Twitter sentiment: 401 Unauthorized
Unauthorized
2025-03-10 22:12:26,212 - ERROR - Error analyzing Twitter sentiment: 401 Unauthorized
Unauthorized
2025-03-10 22:13:26,510 - ERROR - Error analyzing Twitter sentiment: 401 Unauthorized
Unauthorized
2025-03-10 22:14:26,738 - ERROR - Error analyzing Twitter sentiment: 401 Unauthorized
Unauthorized
2025-03-10 22:15:13,220 - INFO - 🚀 Bot is now running. Checking trades every 1 minute...
2025-03-10 22:16:13,415 - ERROR - Error analyzing Twitter sentiment: 401 Unauthorized
Unauthorized
2025-03-10 22:16:13,415 - INFO - 🧠 Sentiment Score: 0
2025-03-10 22:16:13,573 - INFO - ⏳ No trade executed. Conditions not met.
2025-03-10 22:20:02,553 - INFO - 🚀 Bot is now running. Checking trades every 1 minute...
2025-03-10 22:20:45,108 - INFO - 🚀 Bot is now running. Checking trades every 1 minute...
2025-03-10 22:20:56,743 - INFO - 🚀 Bot is now running. Checking trades every 1 minute...
2025-03-10 22:21:56,930 - ERROR - Error analyzing Twitter sentiment: 401 Unauthorized
Unauthorized
2025-03-10 22:21:56,930 - INFO - 🧠 Sentiment Score: 0
2025-03-10 22:21:57,160 - INFO - ⏳ No trade executed. Conditions not met.
2025-03-10 22:22:57,248 - ERROR - Error analyzing Twitter sentiment: 401 Unauthorized
Unauthorized
2025-03-10 22:22:57,248 - INFO - 🧠 Sentiment Score: 0
2025-03-10 22:22:57,377 - INFO - ⏳ No trade executed. Conditions not met.
2025-03-10 22:23:57,466 - ERROR - Error analyzing Twitter sentiment: 401 Unauthorized
Unauthorized
2025-03-10 22:23:57,466 - INFO - 🧠 Sentiment Score: 0
2025-03-10 22:23:57,630 - INFO - ⏳ No trade executed. Conditions not met.
2025-03-10 22:45:20,609 - INFO - 🚀 Bot is now running. Checking trades every 1 minute...
2025-03-10 22:46:04,369 - INFO - 🚀 Bot is now running. Checking trades every 1 minute...
2025-03-10 22:47:04,572 - ERROR - Error analyzing Twitter sentiment: 401 Unauthorized
Unauthorized
2025-03-10 22:47:04,572 - INFO - 🧠 Sentiment Score: 0
2025-03-10 22:47:04,876 - INFO - ⏳ No trade executed. Conditions not met.
